<?xml version="1.0" encoding="utf-8"?><testsuites name="pytest tests"><testsuite name="pytest" errors="0" failures="0" skipped="1" tests="9" time="19.849" timestamp="2026-09-10T05:21:56.444480+00:00" hostname="agent-env-ecd7dd89-4691-4fe2-b280-c77b43530dd1"><testcase classname="tests.test_digest_round3.TestPreviewNoGrant" name="test_preview_admin_has_referral_leaderboard" time="3.146" /><testcase classname="tests.test_digest_round3.TestPreviewNoGrant" name="test_preview_rider_has_referral_fields" time="0.087" /><testcase classname="tests.test_digest_round3.TestPreviewNoGrant" name="test_preview_does_not_grant_referral_credits" time="0.396" /><testcase classname="tests.test_digest_round3.TestPreviewNoGrant" name="test_rider_with_no_referrals_not_on_board" time="0.342" /><testcase classname="tests.test_digest_round3.TestReferralLeaderboardGrant" name="test_grants_top3_with_correct_credits" time="4.889" /><testcase classname="tests.test_digest_round3.TestReferralLeaderboardGrant" name="test_idempotent_no_regrant" time="5.585" /><testcase classname="tests.test_digest_round3.TestRegressionSmoke" name="test_send_summary_has_8_keys" time="4.840" /><testcase classname="tests.test_digest_round3.TestRegressionSmoke" name="test_runs_endpoint" time="0.095" /><testcase classname="tests.test_digest_round3.TestRegressionSmoke" name="test_test_send_once" time="0.366"><skipped type="pytest.skip" message="Resend rate-limited or unavailable this run: {'ok': False, 'email_id': None}">/app/backend/tests/test_digest_round3.py:333: Resend rate-limited or unavailable this run: {'ok': False, 'email_id': None}</skipped></testcase></testsuite></testsuites>