<?xml version="1.0" encoding="utf-8"?><testsuites name="pytest tests"><testsuite name="pytest" errors="0" failures="1" skipped="0" tests="12" time="21.810" timestamp="2026-09-10T05:04:13.067627+00:00" hostname="agent-env-ecd7dd89-4691-4fe2-b280-c77b43530dd1"><testcase classname="tests.test_digest_round2.TestRegressionSmoke" name="test_send_summary_has_7_keys" time="3.449" /><testcase classname="tests.test_digest_round2.TestPreviewAutoPick" name="test_preview_admin_no_target_email" time="0.850" /><testcase classname="tests.test_digest_round2.TestPreviewAutoPick" name="test_preview_rider_auto_pick" time="0.252" /><testcase classname="tests.test_digest_round2.TestPreviewAutoPick" name="test_preview_captain_auto_pick" time="0.315" /><testcase classname="tests.test_digest_round2.TestPreviewAutoPick" name="test_preview_does_not_grant_credits" time="0.921" /><testcase classname="tests.test_digest_round2.TestLeaderboardGrant" name="test_leaderboard_grants_top3" time="4.309" /><testcase classname="tests.test_digest_round2.TestRegressionSmoke" name="test_test_send_still_works" time="0.369"><failure message="assert False is True">tests/test_digest_round2.py:404: in test_test_send_still_works
    assert j["ok"] is True
E   assert False is True</failure></testcase><testcase classname="tests.test_digest_round2.TestRegressionSmoke" name="test_runs_endpoint" time="0.073" /><testcase classname="tests.test_digest_round2.TestRegressionSmoke" name="test_auth_guards" time="0.322" /><testcase classname="tests.test_digest_round2.TestLeaderboardGrant" name="test_leaderboard_idempotent" time="3.216" /><testcase classname="tests.test_digest_round2.TestCaptainStreak" name="test_streak_5days_grants_200" time="7.401" /><testcase classname="tests.test_digest_round2.TestCaptainStreak" name="test_streak_4days_no_grant" time="4.066" /></testsuite></testsuites>