<?xml version="1.0" encoding="utf-8"?><testsuites name="pytest tests"><testsuite name="pytest" errors="0" failures="0" skipped="0" tests="19" time="6.039" timestamp="2026-09-10T04:49:24.099020+00:00" hostname="agent-env-ecd7dd89-4691-4fe2-b280-c77b43530dd1"><testcase classname="tests.test_digest.TestAuthGuards" name="test_send_missing_token_401" time="0.528" /><testcase classname="tests.test_digest.TestAuthGuards" name="test_send_non_admin_403" time="0.364" /><testcase classname="tests.test_digest.TestAuthGuards" name="test_preview_non_admin_403" time="0.145" /><testcase classname="tests.test_digest.TestAuthGuards" name="test_test_send_non_admin_403" time="0.077" /><testcase classname="tests.test_digest.TestAuthGuards" name="test_runs_non_admin_403" time="0.060" /><testcase classname="tests.test_digest.TestExistingEndpoints" name="test_auth_me" time="0.202" /><testcase classname="tests.test_digest.TestExistingEndpoints" name="test_rides_create_regression" time="0.094" /><testcase classname="tests.test_digest.TestPreview" name="test_preview_admin" time="1.499" /><testcase classname="tests.test_digest.TestPreview" name="test_preview_rider" time="0.075" /><testcase classname="tests.test_digest.TestPreview" name="test_preview_captain" time="0.080" /><testcase classname="tests.test_digest.TestExistingEndpoints" name="test_rides_pending_for_captain" time="0.236" /><testcase classname="tests.test_digest.TestPreview" name="test_preview_unknown_email" time="0.076" /><testcase classname="tests.test_digest.TestExistingEndpoints" name="test_admin_overview" time="0.073" /><testcase classname="tests.test_digest.TestPreview" name="test_preview_unknown_kind" time="0.089" /><testcase classname="tests.test_digest.TestExistingEndpoints" name="test_admin_revenue_weekly" time="0.081" /><testcase classname="tests.test_digest.TestTestSend" name="test_test_send_ok" time="0.577" /><testcase classname="tests.test_digest.TestSendAndRuns" name="test_send_full" time="3.722" /><testcase classname="tests.test_digest.TestTestSend" name="test_test_send_bad_email" time="0.097" /><testcase classname="tests.test_digest.TestSendAndRuns" name="test_runs_list" time="0.109" /></testsuite></testsuites>